Using pre-set license
Built from '2021.1/staging' branch; Version is '2021.1.7f1 (d91830b65d9b) revision 14227504'; Using compiler version '192528614'; Build Type 'Release'
OS: 'Windows 10 Home; OS build 22000.434; Version 2009; 64bit' Language: 'en' Physical Memory: 16145 MB
BatchMode: 1, IsHumanControllingUs: 0, StartBugReporterOnCrash: 0, Is64bit: 1, IsPro: 0

 COMMAND LINE ARGUMENTS:
C:\Program Files\Unity 2021.1.7f1\Editor\Unity.exe
-adb2
-batchMode
-noUpm
-name
AssetImportWorker0
-projectPath
C:/Users/liana/OneDrive/Desktop/Unity/2DTutorialBase-master
-logFile
Logs/AssetImportWorker0.log
-srvPort
51707
Successfully changed project path to: C:/Users/liana/OneDrive/Desktop/Unity/2DTutorialBase-master
C:/Users/liana/OneDrive/Desktop/Unity/2DTutorialBase-master
Using Asset Import Pipeline V2.
Refreshing native plugins compatible for Editor in 42.80 ms, found 0 plugins.
Preloading 0 native plugins for Editor in 0.00 ms.
Initialize engine version: 2021.1.7f1 (d91830b65d9b)
[Subsystems] Discovering subsystems at path C:/Program Files/Unity 2021.1.7f1/Editor/Data/Resources/UnitySubsystems
[Subsystems] Discovering subsystems at path C:/Users/liana/OneDrive/Desktop/Unity/2DTutorialBase-master/Assets
GfxDevice: creating device client; threaded=0; jobified=0
Direct3D:
    Version:  Direct3D 11.0 [level 11.1]
    Renderer: Intel(R) Iris(R) Xe Graphics (ID=0x9a49)
    Vendor:   Intel
    VRAM:     8072 MB
    Driver:   30.0.100.9864
Initialize mono
Mono path[0] = 'C:/Program Files/Unity 2021.1.7f1/Editor/Data/Managed'
Mono path[1] = 'C:/Program Files/Unity 2021.1.7f1/Editor/Data/MonoBleedingEdge/lib/mono/unityjit'
Mono config path = 'C:/Program Files/Unity 2021.1.7f1/Editor/Data/MonoBleedingEdge/etc'
Using monoOptions --debugger-agent=transport=dt_socket,embedding=1,server=y,suspend=n,address=127.0.0.1:56024
Begin MonoManager ReloadAssembly
Registering precompiled unity dll's ...
Register platform support module: C:/Program Files/Unity 2021.1.7f1/Editor/Data/PlaybackEngines/WindowsStandaloneSupport/UnityEditor.WindowsStandalone.Extensions.dll
Registered in 0.001226 seconds.
Native extension for WindowsStandalone target not found
Refreshing native plugins compatible for Editor in 47.08 ms, found 0 plugins.
Preloading 0 native plugins for Editor in 0.00 ms.
Mono: successfully reloaded assembly
- Completed reload, in  0.852 seconds
Platform modules already initialized, skipping
Registering precompiled user dll's ...
Registered in 0.003726 seconds.
Begin MonoManager ReloadAssembly
Native extension for WindowsStandalone target not found
Refreshing native plugins compatible for Editor in 0.43 ms, found 0 plugins.
Preloading 0 native plugins for Editor in 0.00 ms.
Mono: successfully reloaded assembly
- Completed reload, in  0.736 seconds
Platform modules already initialized, skipping
========================================================================
Worker process is ready to serve import requests
Launched and connected shader compiler UnityShaderCompiler.exe after 0.04 seconds
Refreshing native plugins compatible for Editor in 0.40 ms, found 0 plugins.
Preloading 0 native plugins for Editor in 0.00 ms.
Unloading 1971 Unused Serialized files (Serialized files now loaded: 0)
System memory in use before: 83.7 MB.
System memory in use after: 83.8 MB.

Unloading 54 unused Assets to reduce memory usage. Loaded Objects now: 2394.
Total: 3.951500 ms (FindLiveObjects: 0.094800 ms CreateObjectMapping: 0.031400 ms MarkObjects: 3.761900 ms  DeleteObjects: 0.062500 ms)

========================================================================
Received Import Request.
  path: Assets/Sprites
  artifactKey: Guid(12fde336064a845f481365de845c8efa) Importer(815301076,1909f56bfc062723c751e8b465ee728b)
Start importing Assets/Sprites using Guid(12fde336064a845f481365de845c8efa) Importer(815301076,1909f56bfc062723c751e8b465ee728b)  -> (artifact id: '7def12694863aaa29a1e67ebfd33c97b') in 0.005560 seconds 
========================================================================
Received Import Request.
  Time since last request: 26.130519 seconds.
  path: Assets/Sprites/attack_north.png
  artifactKey: Guid(fbea0a679ab96404ca16a353f8beb26d) Importer(815301076,1909f56bfc062723c751e8b465ee728b)
Start importing Assets/Sprites/attack_north.png using Guid(fbea0a679ab96404ca16a353f8beb26d) Importer(815301076,1909f56bfc062723c751e8b465ee728b)  -> (artifact id: 'ca9a2534063f86d1486e9b5028a7d819') in 0.101918 seconds 
========================================================================
Received Import Request.
  Time since last request: 0.000312 seconds.
  path: Assets/Sprites/attack_west.png
  artifactKey: Guid(e1a28a60bd0e8a148a5e18b30332b0a1) Importer(815301076,1909f56bfc062723c751e8b465ee728b)
Start importing Assets/Sprites/attack_west.png using Guid(e1a28a60bd0e8a148a5e18b30332b0a1) Importer(815301076,1909f56bfc062723c751e8b465ee728b)  -> (artifact id: 'd1b455e83f6bb09931a732c6e71b476c') in 0.012266 seconds 
========================================================================
Received Import Request.
  Time since last request: 0.000397 seconds.
  path: Assets/Sprites/walk_east.png
  artifactKey: Guid(531287d2ea666b442831e96ca6f41c1e) Importer(815301076,1909f56bfc062723c751e8b465ee728b)
Start importing Assets/Sprites/walk_east.png using Guid(531287d2ea666b442831e96ca6f41c1e) Importer(815301076,1909f56bfc062723c751e8b465ee728b)  -> (artifact id: '61ba7c7be42ee4a8bfb14c624a4b3661') in 0.014062 seconds 
========================================================================
Received Import Request.
  Time since last request: 0.000291 seconds.
  path: Assets/Sprites/enemy_walk.png
  artifactKey: Guid(007a0c8755b43f749bc726ee05168d27) Importer(815301076,1909f56bfc062723c751e8b465ee728b)
Start importing Assets/Sprites/enemy_walk.png using Guid(007a0c8755b43f749bc726ee05168d27) Importer(815301076,1909f56bfc062723c751e8b465ee728b)  -> (artifact id: 'eb661ba6c0fdf1d55d848f6a6d06ee8e') in 0.009146 seconds 
========================================================================
Received Import Request.
  Time since last request: 0.000203 seconds.
  path: Assets/Sprites/walk_north.png
  artifactKey: Guid(32daee2e7b93b3d4b9d23883757c9ad3) Importer(815301076,1909f56bfc062723c751e8b465ee728b)
Start importing Assets/Sprites/walk_north.png using Guid(32daee2e7b93b3d4b9d23883757c9ad3) Importer(815301076,1909f56bfc062723c751e8b465ee728b)  -> (artifact id: '6ee282a618e6835058df07552c6d1abd') in 0.010228 seconds 
========================================================================
Received Import Request.
  Time since last request: 0.000274 seconds.
  path: Assets/Sprites/idle_south.png
  artifactKey: Guid(0062734e0510fc54290298b27feb6987) Importer(815301076,1909f56bfc062723c751e8b465ee728b)
Start importing Assets/Sprites/idle_south.png using Guid(0062734e0510fc54290298b27feb6987) Importer(815301076,1909f56bfc062723c751e8b465ee728b)  -> (artifact id: 'f890a3a60fee8e05838e94bb979c206a') in 0.009031 seconds 
========================================================================
Received Import Request.
  Time since last request: 0.000248 seconds.
  path: Assets/Sprites/attack_south.png
  artifactKey: Guid(a825fa5894a7b9943b6c9a9ad7f529cb) Importer(815301076,1909f56bfc062723c751e8b465ee728b)
Start importing Assets/Sprites/attack_south.png using Guid(a825fa5894a7b9943b6c9a9ad7f529cb) Importer(815301076,1909f56bfc062723c751e8b465ee728b)  -> (artifact id: '13e0bbe4dbb054ac83ef7114fad76242') in 0.008574 seconds 
========================================================================
Received Import Request.
  Time since last request: 0.000255 seconds.
  path: Assets/Sprites/walk_west.png
  artifactKey: Guid(9ff4b084890e94648a152982e005a1bb) Importer(815301076,1909f56bfc062723c751e8b465ee728b)
Start importing Assets/Sprites/walk_west.png using Guid(9ff4b084890e94648a152982e005a1bb) Importer(815301076,1909f56bfc062723c751e8b465ee728b)  -> (artifact id: 'c02ace6583cfce1e93351f918fb06ec2') in 0.010035 seconds 
========================================================================
Received Import Request.
  Time since last request: 0.000253 seconds.
  path: Assets/Sprites/idle_east.png
  artifactKey: Guid(53d2f219b7ec81546ade33ba1f3846c7) Importer(815301076,1909f56bfc062723c751e8b465ee728b)
Start importing Assets/Sprites/idle_east.png using Guid(53d2f219b7ec81546ade33ba1f3846c7) Importer(815301076,1909f56bfc062723c751e8b465ee728b)  -> (artifact id: '293046f3eb122f55ee6b0543d4e3e9d5') in 0.010530 seconds 
========================================================================
Received Import Request.
  Time since last request: 0.000279 seconds.
  path: Assets/Sprites/walk_south.png
  artifactKey: Guid(2b1a9dd2aab716d418d457dd186e5e9a) Importer(815301076,1909f56bfc062723c751e8b465ee728b)
Start importing Assets/Sprites/walk_south.png using Guid(2b1a9dd2aab716d418d457dd186e5e9a) Importer(815301076,1909f56bfc062723c751e8b465ee728b)  -> (artifact id: 'eba3787973e4de862a29b4434b344fc2') in 0.012856 seconds 
========================================================================
Received Import Request.
  Time since last request: 0.000176 seconds.
  path: Assets/Sprites/idle_north.png
  artifactKey: Guid(24defd5ad788e9a49a1da327db243d1a) Importer(815301076,1909f56bfc062723c751e8b465ee728b)
Start importing Assets/Sprites/idle_north.png using Guid(24defd5ad788e9a49a1da327db243d1a) Importer(815301076,1909f56bfc062723c751e8b465ee728b)  -> (artifact id: '783e49242d382e6090c748a9f6609361') in 0.008714 seconds 
========================================================================
Received Import Request.
  Time since last request: 0.000207 seconds.
  path: Assets/Sprites/idle_west.png
  artifactKey: Guid(abe0b2cf2f6d9144ab3f25f3de376f12) Importer(815301076,1909f56bfc062723c751e8b465ee728b)
Start importing Assets/Sprites/idle_west.png using Guid(abe0b2cf2f6d9144ab3f25f3de376f12) Importer(815301076,1909f56bfc062723c751e8b465ee728b)  -> (artifact id: '6acc1cf54f4a03eea672dc2f545b09e3') in 0.009025 seconds 
========================================================================
Received Import Request.
  Time since last request: 2.544062 seconds.
  path: Assets/Sprites/attack_east.png
  artifactKey: Guid(0e3d1fcb5fc18234797b7b0e93440652) Importer(815301076,1909f56bfc062723c751e8b465ee728b)
Start importing Assets/Sprites/attack_east.png using Guid(0e3d1fcb5fc18234797b7b0e93440652) Importer(815301076,1909f56bfc062723c751e8b465ee728b)  -> (artifact id: '0e1966a3069af2a38a1ee353361c7856') in 0.015363 seconds 
========================================================================
Received Import Request.
  Time since last request: 4.010395 seconds.
  path: Assets/Sprites/Player
  artifactKey: Guid(6c85acb80a5af604c8fd124af844a2f3) Importer(815301076,1909f56bfc062723c751e8b465ee728b)
Start importing Assets/Sprites/Player using Guid(6c85acb80a5af604c8fd124af844a2f3) Importer(815301076,1909f56bfc062723c751e8b465ee728b)  -> (artifact id: '7ec5596754f5fa0c21054b44c2396610') in 0.002916 seconds 
========================================================================
Received Import Request.
  Time since last request: 3.762024 seconds.
  path: Assets/Sprites/Player/enemy_walk.psd
  artifactKey: Guid(236ce7f6d0ad5204badf9f0b22641dc6) Importer(815301076,1909f56bfc062723c751e8b465ee728b)
Start importing Assets/Sprites/Player/enemy_walk.psd using Guid(236ce7f6d0ad5204badf9f0b22641dc6) Importer(815301076,1909f56bfc062723c751e8b465ee728b)  -> (artifact id: '2edfe585356c4d6206ba54a82f2be0dd') in 0.019535 seconds 
========================================================================
Received Import Request.
  Time since last request: 4.078935 seconds.
  path: Assets/Sprites/Player/New Folder
  artifactKey: Guid(fe694a9810b87a34f8df72885ae9282a) Importer(815301076,1909f56bfc062723c751e8b465ee728b)
Start importing Assets/Sprites/Player/New Folder using Guid(fe694a9810b87a34f8df72885ae9282a) Importer(815301076,1909f56bfc062723c751e8b465ee728b)  -> (artifact id: 'ea80ce728762733cd4d2602d51eee47d') in 0.003304 seconds 
========================================================================
Received Import Request.
  Time since last request: 14.518804 seconds.
  path: Assets/Sprites/my_sprites
  artifactKey: Guid(95c9e40424c83e34a8f55d58c126354d) Importer(815301076,1909f56bfc062723c751e8b465ee728b)
Start importing Assets/Sprites/my_sprites using Guid(95c9e40424c83e34a8f55d58c126354d) Importer(815301076,1909f56bfc062723c751e8b465ee728b)  -> (artifact id: '209f19d02d87594b36ef95e0395b23d7') in 0.003412 seconds 
========================================================================
Received Import Request.
  Time since last request: 60.248120 seconds.
  path: Assets/Sprites/my_sprites/idle_south.png
  artifactKey: Guid(0062734e0510fc54290298b27feb6987) Importer(815301076,1909f56bfc062723c751e8b465ee728b)
Start importing Assets/Sprites/my_sprites/idle_south.png using Guid(0062734e0510fc54290298b27feb6987) Importer(815301076,1909f56bfc062723c751e8b465ee728b)  -> (artifact id: '2aa7e0d417bf2680a554e44121d7b649') in 0.008362 seconds 
========================================================================
Received Import Request.
  Time since last request: 0.012197 seconds.
  path: Assets/Sprites/my_sprites/attack_west.png
  artifactKey: Guid(e1a28a60bd0e8a148a5e18b30332b0a1) Importer(815301076,1909f56bfc062723c751e8b465ee728b)
Start importing Assets/Sprites/my_sprites/attack_west.png using Guid(e1a28a60bd0e8a148a5e18b30332b0a1) Importer(815301076,1909f56bfc062723c751e8b465ee728b)  -> (artifact id: 'd0769f04d205f728e7e08dcc9de04286') in 0.007742 seconds 
========================================================================
Received Import Request.
  Time since last request: 0.000252 seconds.
  path: Assets/Sprites/my_sprites/walk_east.png
  artifactKey: Guid(531287d2ea666b442831e96ca6f41c1e) Importer(815301076,1909f56bfc062723c751e8b465ee728b)
Start importing Assets/Sprites/my_sprites/walk_east.png using Guid(531287d2ea666b442831e96ca6f41c1e) Importer(815301076,1909f56bfc062723c751e8b465ee728b)  -> (artifact id: '8f26822748436eb0547167cf62e99073') in 0.009388 seconds 
========================================================================
Received Import Request.
  Time since last request: 0.000235 seconds.
  path: Assets/Sprites/my_sprites/enemy_walk.png
  artifactKey: Guid(007a0c8755b43f749bc726ee05168d27) Importer(815301076,1909f56bfc062723c751e8b465ee728b)
Start importing Assets/Sprites/my_sprites/enemy_walk.png using Guid(007a0c8755b43f749bc726ee05168d27) Importer(815301076,1909f56bfc062723c751e8b465ee728b)  -> (artifact id: '24c80389c649e057c8df94d27087b3e1') in 0.008246 seconds 
========================================================================
Received Import Request.
  Time since last request: 0.000224 seconds.
  path: Assets/Sprites/my_sprites/walk_north.png
  artifactKey: Guid(32daee2e7b93b3d4b9d23883757c9ad3) Importer(815301076,1909f56bfc062723c751e8b465ee728b)
Start importing Assets/Sprites/my_sprites/walk_north.png using Guid(32daee2e7b93b3d4b9d23883757c9ad3) Importer(815301076,1909f56bfc062723c751e8b465ee728b)  -> (artifact id: 'f761a494b548dc673ac3986cdcf84ee4') in 0.007585 seconds 
========================================================================
Received Import Request.
  Time since last request: 0.000262 seconds.
  path: Assets/Sprites/my_sprites/walk_west.png
  artifactKey: Guid(9ff4b084890e94648a152982e005a1bb) Importer(815301076,1909f56bfc062723c751e8b465ee728b)
Start importing Assets/Sprites/my_sprites/walk_west.png using Guid(9ff4b084890e94648a152982e005a1bb) Importer(815301076,1909f56bfc062723c751e8b465ee728b)  -> (artifact id: 'd952998c2ae8662a4b46376dab49151f') in 0.010201 seconds 
========================================================================
Received Import Request.
  Time since last request: 0.000246 seconds.
  path: Assets/Sprites/my_sprites/idle_east.png
  artifactKey: Guid(53d2f219b7ec81546ade33ba1f3846c7) Importer(815301076,1909f56bfc062723c751e8b465ee728b)
Start importing Assets/Sprites/my_sprites/idle_east.png using Guid(53d2f219b7ec81546ade33ba1f3846c7) Importer(815301076,1909f56bfc062723c751e8b465ee728b)  -> (artifact id: '666d60fa9d67be193f0a9be74c6b41dd') in 0.007670 seconds 
========================================================================
Received Import Request.
  Time since last request: 0.000225 seconds.
  path: Assets/Sprites/my_sprites/walk_south.png
  artifactKey: Guid(2b1a9dd2aab716d418d457dd186e5e9a) Importer(815301076,1909f56bfc062723c751e8b465ee728b)
Start importing Assets/Sprites/my_sprites/walk_south.png using Guid(2b1a9dd2aab716d418d457dd186e5e9a) Importer(815301076,1909f56bfc062723c751e8b465ee728b)  -> (artifact id: '654c5a7410f847c58b5256ba60fd8e14') in 0.006672 seconds 
========================================================================
Received Import Request.
  Time since last request: 0.000267 seconds.
  path: Assets/Sprites/my_sprites/idle_north.png
  artifactKey: Guid(24defd5ad788e9a49a1da327db243d1a) Importer(815301076,1909f56bfc062723c751e8b465ee728b)
Start importing Assets/Sprites/my_sprites/idle_north.png using Guid(24defd5ad788e9a49a1da327db243d1a) Importer(815301076,1909f56bfc062723c751e8b465ee728b)  -> (artifact id: '564ca1e18519c8a5f325b0ce9845a79a') in 0.010453 seconds 
========================================================================
Received Import Request.
  Time since last request: 0.000219 seconds.
  path: Assets/Sprites/my_sprites/idle_west.png
  artifactKey: Guid(abe0b2cf2f6d9144ab3f25f3de376f12) Importer(815301076,1909f56bfc062723c751e8b465ee728b)
Start importing Assets/Sprites/my_sprites/idle_west.png using Guid(abe0b2cf2f6d9144ab3f25f3de376f12) Importer(815301076,1909f56bfc062723c751e8b465ee728b)  -> (artifact id: '740dc125fd54060002c617097caccef9') in 0.009209 seconds 
========================================================================
Received Import Request.
  Time since last request: 4.766535 seconds.
  path: Assets/Sprites/my_sprites/attack_east.png
  artifactKey: Guid(0e3d1fcb5fc18234797b7b0e93440652) Importer(815301076,1909f56bfc062723c751e8b465ee728b)
Start importing Assets/Sprites/my_sprites/attack_east.png using Guid(0e3d1fcb5fc18234797b7b0e93440652) Importer(815301076,1909f56bfc062723c751e8b465ee728b)  -> (artifact id: '31020bcf25ad1dc8249a3b13bd6069fc') in 0.006794 seconds 
========================================================================
Received Import Request.
  Time since last request: 0.000224 seconds.
  path: Assets/Sprites/my_sprites/attack_south.png
  artifactKey: Guid(a825fa5894a7b9943b6c9a9ad7f529cb) Importer(815301076,1909f56bfc062723c751e8b465ee728b)
Start importing Assets/Sprites/my_sprites/attack_south.png using Guid(a825fa5894a7b9943b6c9a9ad7f529cb) Importer(815301076,1909f56bfc062723c751e8b465ee728b)  -> (artifact id: 'f0a4a05fe0e0195e0c127c388c43f7d7') in 0.006444 seconds 
========================================================================
Received Import Request.
  Time since last request: 0.000258 seconds.
  path: Assets/Sprites/my_sprites/attack_north.png
  artifactKey: Guid(fbea0a679ab96404ca16a353f8beb26d) Importer(815301076,1909f56bfc062723c751e8b465ee728b)
Start importing Assets/Sprites/my_sprites/attack_north.png using Guid(fbea0a679ab96404ca16a353f8beb26d) Importer(815301076,1909f56bfc062723c751e8b465ee728b)  -> (artifact id: 'c23f9e85d719d81b5eb76fb9a975302a') in 0.007305 seconds 
========================================================================
Received Import Request.
  Time since last request: 25.827676 seconds.
  path: Assets/Sprites/my_sprites/attack_east.png
  artifactKey: Guid(0e3d1fcb5fc18234797b7b0e93440652) Importer(815301076,1909f56bfc062723c751e8b465ee728b)
Start importing Assets/Sprites/my_sprites/attack_east.png using Guid(0e3d1fcb5fc18234797b7b0e93440652) Importer(815301076,1909f56bfc062723c751e8b465ee728b)  -> (artifact id: '3f85d01bb3cfeccf9a9e39693acceb63') in 0.019737 seconds 
========================================================================
Received Import Request.
  Time since last request: 12.478113 seconds.
  path: Assets/Sprites/my_sprites/attack_north.png
  artifactKey: Guid(fbea0a679ab96404ca16a353f8beb26d) Importer(815301076,1909f56bfc062723c751e8b465ee728b)
Start importing Assets/Sprites/my_sprites/attack_north.png using Guid(fbea0a679ab96404ca16a353f8beb26d) Importer(815301076,1909f56bfc062723c751e8b465ee728b)  -> (artifact id: 'b110bc3236122d20096504253fd57acc') in 0.014679 seconds 
========================================================================
Received Import Request.
  Time since last request: 14.262675 seconds.
  path: Assets/Sprites/my_sprites/attack_south.png
  artifactKey: Guid(a825fa5894a7b9943b6c9a9ad7f529cb) Importer(815301076,1909f56bfc062723c751e8b465ee728b)
Start importing Assets/Sprites/my_sprites/attack_south.png using Guid(a825fa5894a7b9943b6c9a9ad7f529cb) Importer(815301076,1909f56bfc062723c751e8b465ee728b)  -> (artifact id: 'caacc105a605d5670b4b79be2b7ff989') in 0.013622 seconds 
========================================================================
Received Import Request.
  Time since last request: 10.286985 seconds.
  path: Assets/Sprites/my_sprites/attack_west.png
  artifactKey: Guid(e1a28a60bd0e8a148a5e18b30332b0a1) Importer(815301076,1909f56bfc062723c751e8b465ee728b)
Start importing Assets/Sprites/my_sprites/attack_west.png using Guid(e1a28a60bd0e8a148a5e18b30332b0a1) Importer(815301076,1909f56bfc062723c751e8b465ee728b)  -> (artifact id: 'ae01ad1f682e5ee731df0f7be40e83c5') in 0.017713 seconds 
========================================================================
Received Import Request.
  Time since last request: 12.261471 seconds.
  path: Assets/Sprites/my_sprites/enemy_walk.png
  artifactKey: Guid(007a0c8755b43f749bc726ee05168d27) Importer(815301076,1909f56bfc062723c751e8b465ee728b)
Start importing Assets/Sprites/my_sprites/enemy_walk.png using Guid(007a0c8755b43f749bc726ee05168d27) Importer(815301076,1909f56bfc062723c751e8b465ee728b)  -> (artifact id: '67b500db346ebabff777e6531a435b7c') in 0.018318 seconds 
========================================================================
Received Import Request.
  Time since last request: 10.256064 seconds.
  path: Assets/Sprites/my_sprites/idle_east.png
  artifactKey: Guid(53d2f219b7ec81546ade33ba1f3846c7) Importer(815301076,1909f56bfc062723c751e8b465ee728b)
Start importing Assets/Sprites/my_sprites/idle_east.png using Guid(53d2f219b7ec81546ade33ba1f3846c7) Importer(815301076,1909f56bfc062723c751e8b465ee728b)  -> (artifact id: '0f60d9b379deadcb362718e4f8687f7c') in 0.012792 seconds 
========================================================================
Received Import Request.
  Time since last request: 11.030680 seconds.
  path: Assets/Sprites/my_sprites/idle_north.png
  artifactKey: Guid(24defd5ad788e9a49a1da327db243d1a) Importer(815301076,1909f56bfc062723c751e8b465ee728b)
Start importing Assets/Sprites/my_sprites/idle_north.png using Guid(24defd5ad788e9a49a1da327db243d1a) Importer(815301076,1909f56bfc062723c751e8b465ee728b)  -> (artifact id: '7703fecdeee7b1d6a7b0ea194bd8fe29') in 0.013024 seconds 
========================================================================
Received Import Request.
  Time since last request: 9.443672 seconds.
  path: Assets/Sprites/my_sprites/idle_south.png
  artifactKey: Guid(0062734e0510fc54290298b27feb6987) Importer(815301076,1909f56bfc062723c751e8b465ee728b)
Start importing Assets/Sprites/my_sprites/idle_south.png using Guid(0062734e0510fc54290298b27feb6987) Importer(815301076,1909f56bfc062723c751e8b465ee728b)  -> (artifact id: '49ece00367d326c65243e5dde32d5dbe') in 0.010802 seconds 
========================================================================
Received Import Request.
  Time since last request: 104.379447 seconds.
  path: Assets/Sprites/my_sprites/idle_west.png
  artifactKey: Guid(abe0b2cf2f6d9144ab3f25f3de376f12) Importer(815301076,1909f56bfc062723c751e8b465ee728b)
Start importing Assets/Sprites/my_sprites/idle_west.png using Guid(abe0b2cf2f6d9144ab3f25f3de376f12) Importer(815301076,1909f56bfc062723c751e8b465ee728b)  -> (artifact id: 'ad29d8bf139170ba53ca2516158bebfe') in 0.014915 seconds 
========================================================================
Received Import Request.
  Time since last request: 9.756546 seconds.
  path: Assets/Sprites/my_sprites/walk_east.png
  artifactKey: Guid(531287d2ea666b442831e96ca6f41c1e) Importer(815301076,1909f56bfc062723c751e8b465ee728b)
Start importing Assets/Sprites/my_sprites/walk_east.png using Guid(531287d2ea666b442831e96ca6f41c1e) Importer(815301076,1909f56bfc062723c751e8b465ee728b)  -> (artifact id: '6e8c2dcffd0dbe8e71ca5454277a322e') in 0.020821 seconds 
========================================================================
Received Import Request.
  Time since last request: 5.596647 seconds.
  path: Assets/Sprites/my_sprites/walk_north.png
  artifactKey: Guid(32daee2e7b93b3d4b9d23883757c9ad3) Importer(815301076,1909f56bfc062723c751e8b465ee728b)
Start importing Assets/Sprites/my_sprites/walk_north.png using Guid(32daee2e7b93b3d4b9d23883757c9ad3) Importer(815301076,1909f56bfc062723c751e8b465ee728b)  -> (artifact id: 'dd3ee4729e37f44478dfddece954a224') in 0.015612 seconds 
========================================================================
Received Import Request.
  Time since last request: 7.744462 seconds.
  path: Assets/Sprites/my_sprites/walk_south.png
  artifactKey: Guid(2b1a9dd2aab716d418d457dd186e5e9a) Importer(815301076,1909f56bfc062723c751e8b465ee728b)
Start importing Assets/Sprites/my_sprites/walk_south.png using Guid(2b1a9dd2aab716d418d457dd186e5e9a) Importer(815301076,1909f56bfc062723c751e8b465ee728b)  -> (artifact id: '7df8fb3e3e8c39d38f3ef1d04526cab6') in 0.017828 seconds 
========================================================================
Received Import Request.
  Time since last request: 6.395944 seconds.
  path: Assets/Sprites/my_sprites/walk_west.png
  artifactKey: Guid(9ff4b084890e94648a152982e005a1bb) Importer(815301076,1909f56bfc062723c751e8b465ee728b)
Start importing Assets/Sprites/my_sprites/walk_west.png using Guid(9ff4b084890e94648a152982e005a1bb) Importer(815301076,1909f56bfc062723c751e8b465ee728b)  -> (artifact id: '449c07c5e45c173ec35cd0108f85882e') in 0.016805 seconds 
