Using pre-set license
Built from '2021.1/staging' branch; Version is '2021.1.7f1 (d91830b65d9b) revision 14227504'; Using compiler version '192528614'; Build Type 'Release'
OS: 'Windows 10 Home; OS build 22000.434; Version 2009; 64bit' Language: 'en' Physical Memory: 16145 MB
BatchMode: 1, IsHumanControllingUs: 0, StartBugReporterOnCrash: 0, Is64bit: 1, IsPro: 0

 COMMAND LINE ARGUMENTS:
C:\Program Files\Unity 2021.1.7f1\Editor\Unity.exe
-adb2
-batchMode
-noUpm
-name
AssetImportWorker0
-projectPath
C:/Users/liana/OneDrive/Desktop/Unity Projects/UnityBasics-master/UnityBasics-master
-logFile
Logs/AssetImportWorker0.log
-srvPort
57174
Successfully changed project path to: C:/Users/liana/OneDrive/Desktop/Unity Projects/UnityBasics-master/UnityBasics-master
C:/Users/liana/OneDrive/Desktop/Unity Projects/UnityBasics-master/UnityBasics-master
Using Asset Import Pipeline V2.
Refreshing native plugins compatible for Editor in 27.43 ms, found 1 plugins.
Preloading 0 native plugins for Editor in 0.00 ms.
Initialize engine version: 2021.1.7f1 (d91830b65d9b)
[Subsystems] Discovering subsystems at path C:/Program Files/Unity 2021.1.7f1/Editor/Data/Resources/UnitySubsystems
[Subsystems] Discovering subsystems at path C:/Users/liana/OneDrive/Desktop/Unity Projects/UnityBasics-master/UnityBasics-master/Assets
GfxDevice: creating device client; threaded=0; jobified=0
Direct3D:
    Version:  Direct3D 11.0 [level 11.1]
    Renderer: Intel(R) Iris(R) Xe Graphics (ID=0x9a49)
    Vendor:   Intel
    VRAM:     8072 MB
    Driver:   30.0.100.9864
Initialize mono
Mono path[0] = 'C:/Program Files/Unity 2021.1.7f1/Editor/Data/Managed'
Mono path[1] = 'C:/Program Files/Unity 2021.1.7f1/Editor/Data/MonoBleedingEdge/lib/mono/unityjit'
Mono config path = 'C:/Program Files/Unity 2021.1.7f1/Editor/Data/MonoBleedingEdge/etc'
Using monoOptions --debugger-agent=transport=dt_socket,embedding=1,server=y,suspend=n,address=127.0.0.1:56180
Begin MonoManager ReloadAssembly
Registering precompiled unity dll's ...
Register platform support module: C:/Program Files/Unity 2021.1.7f1/Editor/Data/PlaybackEngines/WindowsStandaloneSupport/UnityEditor.WindowsStandalone.Extensions.dll
Registered in 0.001388 seconds.
Native extension for WindowsStandalone target not found
Refreshing native plugins compatible for Editor in 26.10 ms, found 1 plugins.
Preloading 0 native plugins for Editor in 0.00 ms.
Mono: successfully reloaded assembly
- Completed reload, in  0.817 seconds
Platform modules already initialized, skipping
Registering precompiled user dll's ...
Registered in 0.001017 seconds.
Begin MonoManager ReloadAssembly
Native extension for WindowsStandalone target not found
Refreshing native plugins compatible for Editor in 26.78 ms, found 1 plugins.
Preloading 0 native plugins for Editor in 0.00 ms.
Mono: successfully reloaded assembly
- Completed reload, in  0.658 seconds
Platform modules already initialized, skipping
========================================================================
Worker process is ready to serve import requests
Launched and connected shader compiler UnityShaderCompiler.exe after 0.04 seconds
Refreshing native plugins compatible for Editor in 0.25 ms, found 1 plugins.
Preloading 0 native plugins for Editor in 0.00 ms.
Unloading 1836 Unused Serialized files (Serialized files now loaded: 0)
System memory in use before: 87.6 MB.
System memory in use after: 87.7 MB.

Unloading 19 unused Assets to reduce memory usage. Loaded Objects now: 2298.
Total: 1.812100 ms (FindLiveObjects: 0.106600 ms CreateObjectMapping: 0.037300 ms MarkObjects: 1.609200 ms  DeleteObjects: 0.058400 ms)

========================================================================
Received Import Request.
  path: Assets/Sprites/laser.png
  artifactKey: Guid(6b3b53904bbbc404f835a69e3d361051) Importer(815301076,1909f56bfc062723c751e8b465ee728b)
Start importing Assets/Sprites/laser.png using Guid(6b3b53904bbbc404f835a69e3d361051) Importer(815301076,1909f56bfc062723c751e8b465ee728b)  -> (artifact id: '25077a821b00dd8494558a4b3ddd4cce') in 0.078009 seconds 
========================================================================
Received Import Request.
  Time since last request: 0.000384 seconds.
  path: Assets/Sprites/Spaceship.png
  artifactKey: Guid(811887b0e5c5a5141a1f9db81e36bc16) Importer(815301076,1909f56bfc062723c751e8b465ee728b)
Start importing Assets/Sprites/Spaceship.png using Guid(811887b0e5c5a5141a1f9db81e36bc16) Importer(815301076,1909f56bfc062723c751e8b465ee728b)  -> (artifact id: 'ea8e131d6ee9614af8f37adb063f1c9a') in 0.014976 seconds 
========================================================================
Received Import Request.
  Time since last request: 0.000234 seconds.
  path: Assets/Sprites
  artifactKey: Guid(78eeb8698167918468e68dfcc8d98726) Importer(815301076,1909f56bfc062723c751e8b465ee728b)
Start importing Assets/Sprites using Guid(78eeb8698167918468e68dfcc8d98726) Importer(815301076,1909f56bfc062723c751e8b465ee728b)  -> (artifact id: '8d1c0f5412037368f08aeebaebab6dd9') in 0.002386 seconds 
========================================================================
Received Import Request.
  Time since last request: 0.000240 seconds.
  path: Assets/Sprites/aesteroid.png
  artifactKey: Guid(fafd11fe07eec41419e334449521019e) Importer(815301076,1909f56bfc062723c751e8b465ee728b)
Start importing Assets/Sprites/aesteroid.png using Guid(fafd11fe07eec41419e334449521019e) Importer(815301076,1909f56bfc062723c751e8b465ee728b)  -> (artifact id: 'cfaebdef98753ba3c68a101a51a0b08a') in 0.017876 seconds 
========================================================================
Received Import Request.
  Time since last request: 0.000376 seconds.
  path: Assets/Sprites/bg.png
  artifactKey: Guid(40df21afb888c41458208d063fe81c92) Importer(815301076,1909f56bfc062723c751e8b465ee728b)
Start importing Assets/Sprites/bg.png using Guid(40df21afb888c41458208d063fe81c92) Importer(815301076,1909f56bfc062723c751e8b465ee728b)  -> (artifact id: 'a4c3a1aa2d270a9835a104e06e3501ea') in 0.016466 seconds 
AssetImportWorkerClient::OnTransportError - code=2 error=End of file
